#
# There is insufficient memory for the Java Runtime Environment to continue.
# Native memory allocation (malloc) failed to allocate 1544944 bytes for Chunk::new
# Possible reasons:
#   The system is out of physical RAM or swap space
#   The process is running with CompressedOops enabled, and the Java Heap may be blocking the growth of the native heap
# Possible solutions:
#   Reduce memory load on the system
#   Increase physical memory or swap space
#   Check if swap backing store is full
#   Decrease Java heap size (-Xmx/-Xms)
#   Decrease number of Java threads
#   Decrease Java thread stack sizes (-Xss)
#   Set larger code cache with -XX:ReservedCodeCacheSize=
#   JVM is running with Unscaled Compressed Oops mode in which the Java heap is
#     placed in the first 4GB address space. The Java Heap base address is the
#     maximum limit for the native heap growth. Please use -XX:HeapBaseMinAddress
#     to set the Java Heap base and to place the Java Heap above 4GB virtual address.
# This output file may be truncated or incomplete.
#
#  Out of Memory Error (arena.cpp:184), pid=18740, tid=15968
#
# JRE version: Java(TM) SE Runtime Environment (18.0.2.1+1) (build 18.0.2.1+1-1)
# Java VM: Java HotSpot(TM) 64-Bit Server VM (18.0.2.1+1-1, mixed mode, sharing, tiered, compressed oops, compressed class ptrs, g1 gc, windows-amd64)
# No core dump will be written. Minidumps are not enabled by default on client versions of Windows
#

---------------  S U M M A R Y ------------

Command Line: org.jetbrains.kotlin.cli.jvm.K2JVMCompiler @E:\MahnoorProjects\todoApplication\node_modules\react-native-gesture-handler\android\build\20220925_595167034072767444.compiler.options

Host: Intel(R) Core(TM) i5-5300U CPU @ 2.30GHz, 4 cores, 7G,  Windows 10 , 64 bit Build 19041 (10.0.19041.1889)
Time: Sun Sep 25 14:59:43 2022 Pakistan Standard Time elapsed time: 42.263795 seconds (0d 0h 0m 42s)

---------------  T H R E A D  ---------------

Current thread (0x000001b47e8ccc90):  JavaThread "C2 CompilerThread0" daemon [_thread_in_native, id=15968, stack(0x00000017f9100000,0x00000017f9200000)]


Current CompileTask:
C2:  42263 7978       4       org.jetbrains.kotlin.load.java.structure.impl.classFiles.BinaryJavaMethodBase$Companion::create (613 bytes)

Stack: [0x00000017f9100000,0x00000017f9200000]
Native frames: (J=compiled Java code, j=interpreted, Vv=VM code, C=native code)
V  [jvm.dll+0x6993aa]
V  [jvm.dll+0x7f46dd]
V  [jvm.dll+0x7f5fee]
V  [jvm.dll+0x7f66a3]
V  [jvm.dll+0x25cf1f]
V  [jvm.dll+0xb8c2f]
V  [jvm.dll+0xb8fa5]
V  [jvm.dll+0x3860cb]
V  [jvm.dll+0x1d2b72]
V  [jvm.dll+0x230259]
V  [jvm.dll+0x22f4d1]
V  [jvm.dll+0x1ba01c]
V  [jvm.dll+0x23ee0a]
V  [jvm.dll+0x23d0f5]
V  [jvm.dll+0x7a6dd1]
V  [jvm.dll+0x7a120a]
V  [jvm.dll+0x698255]
C  [ucrtbase.dll+0x21bb2]
C  [KERNEL32.DLL+0x17034]
C  [ntdll.dll+0x526a1]


---------------  P R O C E S S  ---------------

Threads class SMR info:
_java_thread_list=0x000001b47eae4ad0, length=12, elements={
0x000001b479883fb0, 0x000001b47e8af6a0, 0x000001b47e8b0210, 0x000001b47e8ca6a0,
0x000001b47e8caf50, 0x000001b47e8cb800, 0x000001b47e8cc0b0, 0x000001b47e8ccc90,
0x000001b47e8ced30, 0x000001b47e93b870, 0x000001b47eafd280, 0x000001b47eb05920
}

Java Threads: ( => current thread )
  0x000001b479883fb0 JavaThread "main" [_thread_in_Java, id=14312, stack(0x00000017f8400000,0x00000017f8500000)]
  0x000001b47e8af6a0 JavaThread "Reference Handler" daemon [_thread_blocked, id=19704, stack(0x00000017f8b00000,0x00000017f8c00000)]
  0x000001b47e8b0210 JavaThread "Finalizer" daemon [_thread_blocked, id=1508, stack(0x00000017f8c00000,0x00000017f8d00000)]
  0x000001b47e8ca6a0 JavaThread "Signal Dispatcher" daemon [_thread_blocked, id=3504, stack(0x00000017f8d00000,0x00000017f8e00000)]
  0x000001b47e8caf50 JavaThread "Attach Listener" daemon [_thread_blocked, id=11632, stack(0x00000017f8e00000,0x00000017f8f00000)]
  0x000001b47e8cb800 JavaThread "Service Thread" daemon [_thread_blocked, id=18012, stack(0x00000017f8f00000,0x00000017f9000000)]
  0x000001b47e8cc0b0 JavaThread "Monitor Deflation Thread" daemon [_thread_blocked, id=20108, stack(0x00000017f9000000,0x00000017f9100000)]
=>0x000001b47e8ccc90 JavaThread "C2 CompilerThread0" daemon [_thread_in_native, id=15968, stack(0x00000017f9100000,0x00000017f9200000)]
  0x000001b47e8ced30 JavaThread "C1 CompilerThread0" daemon [_thread_blocked, id=15560, stack(0x00000017f9200000,0x00000017f9300000)]
  0x000001b47e93b870 JavaThread "Sweeper thread" daemon [_thread_blocked, id=7056, stack(0x00000017f9300000,0x00000017f9400000)]
  0x000001b47eafd280 JavaThread "Notification Thread" daemon [_thread_blocked, id=18868, stack(0x00000017f9400000,0x00000017f9500000)]
  0x000001b47eb05920 JavaThread "Common-Cleaner" daemon [_thread_blocked, id=20216, stack(0x00000017f9600000,0x00000017f9700000)]

Other Threads:
  0x000001b47e8a9fe0 VMThread "VM Thread" [stack: 0x00000017f8a00000,0x00000017f8b00000] [id=17896]
  0x000001b47e97ed40 WatcherThread "VM Periodic Task Thread" [stack: 0x00000017f9500000,0x00000017f9600000] [id=9128]
  0x000001b4798e4ad0 WorkerThread "GC Thread#0" [stack: 0x00000017f8500000,0x00000017f8600000] [id=13144]
  0x000001b47ee08b60 WorkerThread "GC Thread#1" [stack: 0x00000017f9700000,0x00000017f9800000] [id=18552]
  0x000001b47ee08e00 WorkerThread "GC Thread#2" [stack: 0x00000017f9800000,0x00000017f9900000] [id=18036]
  0x000001b47ee62890 WorkerThread "GC Thread#3" [stack: 0x00000017f9900000,0x00000017f9a00000] [id=6588]
  0x000001b4798f5550 ConcurrentGCThread "G1 Main Marker" [stack: 0x00000017f8600000,0x00000017f8700000] [id=8464]
  0x000001b4798f5e50 WorkerThread "G1 Conc#0" [stack: 0x00000017f8700000,0x00000017f8800000] [id=344]
  0x000001b479932880 ConcurrentGCThread "G1 Refine#0" [stack: 0x00000017f8800000,0x00000017f8900000] [id=19528]
  0x000001b41fb494f0 ConcurrentGCThread "G1 Refine#1" [stack: 0x00000017f9a00000,0x00000017f9b00000] [id=7740]
  0x000001b479934ff0 ConcurrentGCThread "G1 Service" [stack: 0x00000017f8900000,0x00000017f8a00000] [id=16876]

Threads with active compile tasks:
C2 CompilerThread0    42393 7978       4       org.jetbrains.kotlin.load.java.structure.impl.classFiles.BinaryJavaMethodBase$Companion::create (613 bytes)

VM state: not at safepoint (normal execution)

VM Mutex/Monitor currently owned by a thread: None

Heap address: 0x0000000081e00000, size: 2018 MB, Compressed Oops mode: 32-bit

CDS archive(s) mapped at: [0x0000000800000000-0x0000000800ba0000-0x0000000800ba0000), size 12189696, SharedBaseAddress: 0x0000000800000000, ArchiveRelocationMode: 0.
Compressed class space mapped at: 0x0000000800c00000-0x0000000840c00000, reserved size: 1073741824
Narrow klass base: 0x0000000800000000, Narrow klass shift: 0, Narrow klass range: 0x100000000

GC Precious Log:
 CardTable entry size: 512
 Card Set container configuration: InlinePtr #cards 5 size 8 Array Of Cards #cards 12 size 40 Howl #buckets 4 coarsen threshold 1843 Howl Bitmap #cards 512 size 80 coarsen threshold 460 Card regions per heap region 1 cards per card region 2048
 CPUs: 4 total, 4 available
 Memory: 8067M
 Large Page Support: Disabled
 NUMA Support: Disabled
 Compressed Oops: Enabled (32-bit)
 Heap Region Size: 1M
 Heap Min Capacity: 8M
 Heap Initial Capacity: 128M
 Heap Max Capacity: 2018M
 Pre-touch: Disabled
 Parallel Workers: 4
 Concurrent Workers: 1
 Concurrent Refinement Workers: 4
 Periodic GC: Disabled

Heap:
 garbage-first heap   total 172032K, used 53825K [0x0000000081e00000, 0x0000000100000000)
  region size 1024K, 14 young (14336K), 11 survivors (11264K)
 Metaspace       used 51540K, committed 52288K, reserved 1114112K
  class space    used 6158K, committed 6528K, reserved 1048576K

Heap Regions: E=young(eden), S=young(survivor), O=old, HS=humongous(starts), HC=humongous(continues), CS=collection set, F=free, OA=open archive, CA=closed archive, TAMS=top-at-mark-start (previous, next)
|   0|0x0000000081e00000, 0x0000000081f00000, 0x0000000081f00000|100%|HS|  |TAMS 0x0000000081f00000, 0x0000000081e00000| Complete 
|   1|0x0000000081f00000, 0x0000000082000000, 0x0000000082000000|100%|HC|  |TAMS 0x0000000082000000, 0x0000000081f00000| Complete 
|   2|0x0000000082000000, 0x0000000082100000, 0x0000000082100000|100%|HC|  |TAMS 0x0000000082100000, 0x0000000082000000| Complete 
|   3|0x0000000082100000, 0x0000000082200000, 0x0000000082200000|100%| O|  |TAMS 0x0000000082200000, 0x0000000082100000| Untracked 
|   4|0x0000000082200000, 0x0000000082300000, 0x0000000082300000|100%| O|  |TAMS 0x0000000082300000, 0x0000000082200000| Untracked 
|   5|0x0000000082300000, 0x0000000082400000, 0x0000000082400000|100%| O|  |TAMS 0x0000000082300000, 0x0000000082300000| Untracked 
|   6|0x0000000082400000, 0x0000000082500000, 0x0000000082500000|100%|HS|  |TAMS 0x0000000082500000, 0x0000000082400000| Complete 
|   7|0x0000000082500000, 0x0000000082600000, 0x0000000082600000|100%|HC|  |TAMS 0x0000000082600000, 0x0000000082500000| Complete 
|   8|0x0000000082600000, 0x0000000082700000, 0x0000000082700000|100%|HC|  |TAMS 0x0000000082700000, 0x0000000082600000| Complete 
|   9|0x0000000082700000, 0x0000000082800000, 0x0000000082800000|100%|HS|  |TAMS 0x0000000082800000, 0x0000000082700000| Complete 
|  10|0x0000000082800000, 0x0000000082900000, 0x0000000082900000|100%|HC|  |TAMS 0x0000000082900000, 0x0000000082800000| Complete 
|  11|0x0000000082900000, 0x0000000082a00000, 0x0000000082a00000|100%|HC|  |TAMS 0x0000000082a00000, 0x0000000082900000| Complete 
|  12|0x0000000082a00000, 0x0000000082b00000, 0x0000000082b00000|100%| O|  |TAMS 0x0000000082b00000, 0x0000000082a00000| Untracked 
|  13|0x0000000082b00000, 0x0000000082c00000, 0x0000000082c00000|100%| O|  |TAMS 0x0000000082c00000, 0x0000000082b00000| Untracked 
|  14|0x0000000082c00000, 0x0000000082d00000, 0x0000000082d00000|100%| O|  |TAMS 0x0000000082d00000, 0x0000000082c00000| Untracked 
|  15|0x0000000082d00000, 0x0000000082e00000, 0x0000000082e00000|100%| O|  |TAMS 0x0000000082e00000, 0x0000000082d00000| Untracked 
|  16|0x0000000082e00000, 0x0000000082f00000, 0x0000000082f00000|100%| O|  |TAMS 0x0000000082f00000, 0x0000000082e00000| Untracked 
|  17|0x0000000082f00000, 0x0000000083000000, 0x0000000083000000|100%| O|  |TAMS 0x0000000083000000, 0x0000000082f00000| Untracked 
|  18|0x0000000083000000, 0x0000000083100000, 0x0000000083100000|100%| O|  |TAMS 0x0000000083100000, 0x0000000083000000| Untracked 
|  19|0x0000000083100000, 0x0000000083200000, 0x0000000083200000|100%| O|  |TAMS 0x0000000083200000, 0x0000000083100000| Untracked 
|  20|0x0000000083200000, 0x0000000083300000, 0x0000000083300000|100%| O|  |TAMS 0x0000000083300000, 0x0000000083200000| Untracked 
|  21|0x0000000083300000, 0x0000000083400000, 0x0000000083400000|100%| O|  |TAMS 0x0000000083400000, 0x0000000083300000| Untracked 
|  22|0x0000000083400000, 0x0000000083500000, 0x0000000083500000|100%| O|  |TAMS 0x0000000083500000, 0x0000000083400000| Untracked 
|  23|0x0000000083500000, 0x0000000083600000, 0x0000000083600000|100%| O|  |TAMS 0x0000000083600000, 0x0000000083500000| Untracked 
|  24|0x0000000083600000, 0x0000000083700000, 0x0000000083700000|100%| O|  |TAMS 0x0000000083700000, 0x0000000083600000| Untracked 
|  25|0x0000000083700000, 0x0000000083800000, 0x0000000083800000|100%| O|  |TAMS 0x0000000083700000, 0x0000000083700000| Untracked 
|  26|0x0000000083800000, 0x0000000083900000, 0x0000000083900000|100%| O|  |TAMS 0x0000000083880000, 0x0000000083800000| Untracked 
|  27|0x0000000083900000, 0x0000000083a00000, 0x0000000083a00000|100%|HS|  |TAMS 0x0000000083900000, 0x0000000083900000| Complete 
|  28|0x0000000083a00000, 0x0000000083b00000, 0x0000000083b00000|100%|HC|  |TAMS 0x0000000083a00000, 0x0000000083a00000| Complete 
|  29|0x0000000083b00000, 0x0000000083c00000, 0x0000000083c00000|100%| O|  |TAMS 0x0000000083b00000, 0x0000000083b00000| Untracked 
|  30|0x0000000083c00000, 0x0000000083d00000, 0x0000000083d00000|100%| O|  |TAMS 0x0000000083c00000, 0x0000000083c00000| Untracked 
|  31|0x0000000083d00000, 0x0000000083e00000, 0x0000000083e00000|100%| O|  |TAMS 0x0000000083d00000, 0x0000000083d00000| Untracked 
|  32|0x0000000083e00000, 0x0000000083f00000, 0x0000000083f00000|100%| O|  |TAMS 0x0000000083e00000, 0x0000000083e00000| Untracked 
|  33|0x0000000083f00000, 0x0000000084000000, 0x0000000084000000|100%| O|  |TAMS 0x0000000083f00000, 0x0000000083f00000| Untracked 
|  34|0x0000000084000000, 0x0000000084100000, 0x0000000084100000|100%| O|  |TAMS 0x0000000084000000, 0x0000000084000000| Untracked 
|  35|0x0000000084100000, 0x0000000084200000, 0x0000000084200000|100%| O|  |TAMS 0x0000000084100000, 0x0000000084100000| Untracked 
|  36|0x0000000084200000, 0x0000000084300000, 0x0000000084300000|100%| O|  |TAMS 0x0000000084200000, 0x0000000084200000| Untracked 
|  37|0x0000000084300000, 0x0000000084400000, 0x0000000084400000|100%| O|  |TAMS 0x0000000084300000, 0x0000000084300000| Untracked 
|  38|0x0000000084400000, 0x0000000084500000, 0x0000000084500000|100%| O|  |TAMS 0x0000000084400000, 0x0000000084400000| Untracked 
|  39|0x0000000084500000, 0x0000000084590600, 0x0000000084600000| 56%| O|  |TAMS 0x0000000084500000, 0x0000000084500000| Untracked 
|  40|0x0000000084600000, 0x0000000084600000, 0x0000000084700000|  0%| F|  |TAMS 0x0000000084600000, 0x0000000084600000| Untracked 
|  41|0x0000000084700000, 0x0000000084700000, 0x0000000084800000|  0%| F|  |TAMS 0x0000000084700000, 0x0000000084700000| Untracked 
|  42|0x0000000084800000, 0x0000000084800000, 0x0000000084900000|  0%| F|  |TAMS 0x0000000084800000, 0x0000000084800000| Untracked 
|  43|0x0000000084900000, 0x0000000084900000, 0x0000000084a00000|  0%| F|  |TAMS 0x0000000084900000, 0x0000000084900000| Untracked 
|  44|0x0000000084a00000, 0x0000000084a00000, 0x0000000084b00000|  0%| F|  |TAMS 0x0000000084a00000, 0x0000000084a00000| Untracked 
|  45|0x0000000084b00000, 0x0000000084b00000, 0x0000000084c00000|  0%| F|  |TAMS 0x0000000084b00000, 0x0000000084b00000| Untracked 
|  46|0x0000000084c00000, 0x0000000084c00000, 0x0000000084d00000|  0%| F|  |TAMS 0x0000000084c00000, 0x0000000084c00000| Untracked 
|  47|0x0000000084d00000, 0x0000000084d00000, 0x0000000084e00000|  0%| F|  |TAMS 0x0000000084d00000, 0x0000000084d00000| Untracked 
|  48|0x0000000084e00000, 0x0000000084e00000, 0x0000000084f00000|  0%| F|  |TAMS 0x0000000084e00000, 0x0000000084e00000| Untracked 
|  49|0x0000000084f00000, 0x0000000084f00000, 0x0000000085000000|  0%| F|  |TAMS 0x0000000084f00000, 0x0000000084f00000| Untracked 
|  50|0x0000000085000000, 0x0000000085000000, 0x0000000085100000|  0%| F|  |TAMS 0x0000000085000000, 0x0000000085000000| Untracked 
|  51|0x0000000085100000, 0x0000000085100000, 0x0000000085200000|  0%| F|  |TAMS 0x0000000085100000, 0x0000000085100000| Untracked 
|  52|0x0000000085200000, 0x0000000085200000, 0x0000000085300000|  0%| F|  |TAMS 0x0000000085200000, 0x0000000085200000| Untracked 
|  53|0x0000000085300000, 0x0000000085300000, 0x0000000085400000|  0%| F|  |TAMS 0x0000000085300000, 0x0000000085300000| Untracked 
|  54|0x0000000085400000, 0x0000000085400000, 0x0000000085500000|  0%| F|  |TAMS 0x0000000085400000, 0x0000000085400000| Untracked 
|  55|0x0000000085500000, 0x0000000085500000, 0x0000000085600000|  0%| F|  |TAMS 0x0000000085500000, 0x0000000085500000| Untracked 
|  56|0x0000000085600000, 0x0000000085600000, 0x0000000085700000|  0%| F|  |TAMS 0x0000000085600000, 0x0000000085600000| Untracked 
|  57|0x0000000085700000, 0x0000000085700000, 0x0000000085800000|  0%| F|  |TAMS 0x0000000085700000, 0x0000000085700000| Untracked 
|  58|0x0000000085800000, 0x0000000085800000, 0x0000000085900000|  0%| F|  |TAMS 0x0000000085800000, 0x0000000085800000| Untracked 
|  59|0x0000000085900000, 0x0000000085900000, 0x0000000085a00000|  0%| F|  |TAMS 0x0000000085900000, 0x0000000085900000| Untracked 
|  60|0x0000000085a00000, 0x0000000085a00000, 0x0000000085b00000|  0%| F|  |TAMS 0x0000000085a00000, 0x0000000085a00000| Untracked 
|  61|0x0000000085b00000, 0x0000000085b00000, 0x0000000085c00000|  0%| F|  |TAMS 0x0000000085b00000, 0x0000000085b00000| Untracked 
|  62|0x0000000085c00000, 0x0000000085c00000, 0x0000000085d00000|  0%| F|  |TAMS 0x0000000085c00000, 0x0000000085c00000| Untracked 
|  63|0x0000000085d00000, 0x0000000085d00000, 0x0000000085e00000|  0%| F|  |TAMS 0x0000000085d00000, 0x0000000085d00000| Untracked 
|  64|0x0000000085e00000, 0x0000000085e00000, 0x0000000085f00000|  0%| F|  |TAMS 0x0000000085e00000, 0x0000000085e00000| Untracked 
|  65|0x0000000085f00000, 0x0000000085f00000, 0x0000000086000000|  0%| F|  |TAMS 0x0000000085f00000, 0x0000000085f00000| Untracked 
|  66|0x0000000086000000, 0x0000000086000000, 0x0000000086100000|  0%| F|  |TAMS 0x0000000086000000, 0x0000000086000000| Untracked 
|  67|0x0000000086100000, 0x0000000086100000, 0x0000000086200000|  0%| F|  |TAMS 0x0000000086100000, 0x0000000086100000| Untracked 
|  68|0x0000000086200000, 0x0000000086200000, 0x0000000086300000|  0%| F|  |TAMS 0x0000000086200000, 0x0000000086200000| Untracked 
|  69|0x0000000086300000, 0x0000000086300000, 0x0000000086400000|  0%| F|  |TAMS 0x0000000086300000, 0x0000000086300000| Untracked 
|  70|0x0000000086400000, 0x0000000086400000, 0x0000000086500000|  0%| F|  |TAMS 0x0000000086400000, 0x0000000086400000| Untracked 
|  71|0x0000000086500000, 0x0000000086500000, 0x0000000086600000|  0%| F|  |TAMS 0x0000000086500000, 0x0000000086500000| Untracked 
|  72|0x0000000086600000, 0x0000000086600000, 0x0000000086700000|  0%| F|  |TAMS 0x0000000086600000, 0x0000000086600000| Untracked 
|  73|0x0000000086700000, 0x0000000086700000, 0x0000000086800000|  0%| F|  |TAMS 0x0000000086700000, 0x0000000086700000| Untracked 
|  74|0x0000000086800000, 0x0000000086800000, 0x0000000086900000|  0%| F|  |TAMS 0x0000000086800000, 0x0000000086800000| Untracked 
|  75|0x0000000086900000, 0x0000000086a00000, 0x0000000086a00000|100%| S|CS|TAMS 0x0000000086900000, 0x0000000086900000| Complete 
|  76|0x0000000086a00000, 0x0000000086b00000, 0x0000000086b00000|100%| S|CS|TAMS 0x0000000086a00000, 0x0000000086a00000| Complete 
|  77|0x0000000086b00000, 0x0000000086c00000, 0x0000000086c00000|100%| S|CS|TAMS 0x0000000086b00000, 0x0000000086b00000| Complete 
|  78|0x0000000086c00000, 0x0000000086d00000, 0x0000000086d00000|100%| S|CS|TAMS 0x0000000086c00000, 0x0000000086c00000| Complete 
|  79|0x0000000086d00000, 0x0000000086e00000, 0x0000000086e00000|100%| S|CS|TAMS 0x0000000086d00000, 0x0000000086d00000| Complete 
|  80|0x0000000086e00000, 0x0000000086f00000, 0x0000000086f00000|100%| S|CS|TAMS 0x0000000086e00000, 0x0000000086e00000| Complete 
|  81|0x0000000086f00000, 0x0000000087000000, 0x0000000087000000|100%| S|CS|TAMS 0x0000000086f00000, 0x0000000086f00000| Complete 
|  82|0x0000000087000000, 0x0000000087100000, 0x0000000087100000|100%| S|CS|TAMS 0x0000000087000000, 0x0000000087000000| Complete 
|  83|0x0000000087100000, 0x0000000087200000, 0x0000000087200000|100%| S|CS|TAMS 0x0000000087100000, 0x0000000087100000| Complete 
|  84|0x0000000087200000, 0x0000000087300000, 0x0000000087300000|100%| S|CS|TAMS 0x0000000087200000, 0x0000000087200000| Complete 
|  85|0x0000000087300000, 0x0000000087400000, 0x0000000087400000|100%| S|CS|TAMS 0x0000000087300000, 0x0000000087300000| Complete 
|  86|0x0000000087400000, 0x0000000087400000, 0x0000000087500000|  0%| F|  |TAMS 0x0000000087400000, 0x0000000087400000| Untracked 
|  87|0x0000000087500000, 0x0000000087500000, 0x0000000087600000|  0%| F|  |TAMS 0x0000000087500000, 0x0000000087500000| Untracked 
|  88|0x0000000087600000, 0x0000000087600000, 0x0000000087700000|  0%| F|  |TAMS 0x0000000087600000, 0x0000000087600000| Untracked 
|  89|0x0000000087700000, 0x0000000087700000, 0x0000000087800000|  0%| F|  |TAMS 0x0000000087700000, 0x0000000087700000| Untracked 
|  90|0x0000000087800000, 0x0000000087800000, 0x0000000087900000|  0%| F|  |TAMS 0x0000000087800000, 0x0000000087800000| Untracked 
|  91|0x0000000087900000, 0x0000000087900000, 0x0000000087a00000|  0%| F|  |TAMS 0x0000000087900000, 0x0000000087900000| Untracked 
|  92|0x0000000087a00000, 0x0000000087a00000, 0x0000000087b00000|  0%| F|  |TAMS 0x0000000087a00000, 0x0000000087a00000| Untracked 
|  93|0x0000000087b00000, 0x0000000087b00000, 0x0000000087c00000|  0%| F|  |TAMS 0x0000000087b00000, 0x0000000087b00000| Untracked 
|  94|0x0000000087c00000, 0x0000000087c00000, 0x0000000087d00000|  0%| F|  |TAMS 0x0000000087c00000, 0x0000000087c00000| Untracked 
|  95|0x0000000087d00000, 0x0000000087d00000, 0x0000000087e00000|  0%| F|  |TAMS 0x0000000087d00000, 0x0000000087d00000| Untracked 
|  96|0x0000000087e00000, 0x0000000087e00000, 0x0000000087f00000|  0%| F|  |TAMS 0x0000000087e00000, 0x0000000087e00000| Untracked 
|  97|0x0000000087f00000, 0x0000000087f00000, 0x0000000088000000|  0%| F|  |TAMS 0x0000000087f00000, 0x0000000087f00000| Untracked 
|  98|0x0000000088000000, 0x0000000088000000, 0x0000000088100000|  0%| F|  |TAMS 0x0000000088000000, 0x0000000088000000| Untracked 
|  99|0x0000000088100000, 0x0000000088100000, 0x0000000088200000|  0%| F|  |TAMS 0x0000000088100000, 0x0000000088100000| Untracked 
| 100|0x0000000088200000, 0x0000000088200000, 0x0000000088300000|  0%| F|  |TAMS 0x0000000088200000, 0x0000000088200000| Untracked 
| 101|0x0000000088300000, 0x0000000088300000, 0x0000000088400000|  0%| F|  |TAMS 0x0000000088300000, 0x0000000088300000| Untracked 
| 102|0x0000000088400000, 0x0000000088400000, 0x0000000088500000|  0%| F|  |TAMS 0x0000000088400000, 0x0000000088400000| Untracked 
| 103|0x0000000088500000, 0x0000000088500000, 0x0000000088600000|  0%| F|  |TAMS 0x0000000088500000, 0x0000000088500000| Untracked 
| 104|0x0000000088600000, 0x0000000088600000, 0x0000000088700000|  0%| F|  |TAMS 0x0000000088600000, 0x0000000088600000| Untracked 
| 105|0x0000000088700000, 0x0000000088700000, 0x0000000088800000|  0%| F|  |TAMS 0x0000000088700000, 0x0000000088700000| Untracked 
| 106|0x0000000088800000, 0x0000000088800000, 0x0000000088900000|  0%| F|  |TAMS 0x0000000088800000, 0x0000000088800000| Untracked 
| 107|0x0000000088900000, 0x0000000088900000, 0x0000000088a00000|  0%| F|  |TAMS 0x0000000088900000, 0x0000000088900000| Untracked 
| 108|0x0000000088a00000, 0x0000000088a00000, 0x0000000088b00000|  0%| F|  |TAMS 0x0000000088a00000, 0x0000000088a00000| Untracked 
| 109|0x0000000088b00000, 0x0000000088b00000, 0x0000000088c00000|  0%| F|  |TAMS 0x0000000088b00000, 0x0000000088b00000| Untracked 
| 110|0x0000000088c00000, 0x0000000088c00000, 0x0000000088d00000|  0%| F|  |TAMS 0x0000000088c00000, 0x0000000088c00000| Untracked 
| 111|0x0000000088d00000, 0x0000000088d00000, 0x0000000088e00000|  0%| F|  |TAMS 0x0000000088d00000, 0x0000000088d00000| Untracked 
| 112|0x0000000088e00000, 0x0000000088e00000, 0x0000000088f00000|  0%| F|  |TAMS 0x0000000088e00000, 0x0000000088e00000| Untracked 
| 113|0x0000000088f00000, 0x0000000088f00000, 0x0000000089000000|  0%| F|  |TAMS 0x0000000088f00000, 0x0000000088f00000| Untracked 
| 114|0x0000000089000000, 0x0000000089000000, 0x0000000089100000|  0%| F|  |TAMS 0x0000000089000000, 0x0000000089000000| Untracked 
| 115|0x0000000089100000, 0x0000000089100000, 0x0000000089200000|  0%| F|  |TAMS 0x0000000089100000, 0x0000000089100000| Untracked 
| 116|0x0000000089200000, 0x0000000089200000, 0x0000000089300000|  0%| F|  |TAMS 0x0000000089200000, 0x0000000089200000| Untracked 
| 117|0x0000000089300000, 0x0000000089300000, 0x0000000089400000|  0%| F|  |TAMS 0x0000000089300000, 0x0000000089300000| Untracked 
| 118|0x0000000089400000, 0x0000000089400000, 0x0000000089500000|  0%| F|  |TAMS 0x0000000089400000, 0x0000000089400000| Untracked 
| 119|0x0000000089500000, 0x0000000089500000, 0x0000000089600000|  0%| F|  |TAMS 0x0000000089500000, 0x0000000089500000| Untracked 
| 120|0x0000000089600000, 0x0000000089600000, 0x0000000089700000|  0%| F|  |TAMS 0x0000000089600000, 0x0000000089600000| Untracked 
| 121|0x0000000089700000, 0x0000000089700000, 0x0000000089800000|  0%| F|  |TAMS 0x0000000089700000, 0x0000000089700000| Untracked 
| 122|0x0000000089800000, 0x0000000089800000, 0x0000000089900000|  0%| F|  |TAMS 0x0000000089800000, 0x0000000089800000| Untracked 
| 123|0x0000000089900000, 0x0000000089900000, 0x0000000089a00000|  0%| F|  |TAMS 0x0000000089900000, 0x0000000089900000| Untracked 
| 124|0x0000000089a00000, 0x0000000089a00000, 0x0000000089b00000|  0%| F|  |TAMS 0x0000000089a00000, 0x0000000089a00000| Untracked 
| 125|0x0000000089b00000, 0x0000000089b00000, 0x0000000089c00000|  0%| F|  |TAMS 0x0000000089b00000, 0x0000000089b00000| Untracked 
| 126|0x0000000089c00000, 0x0000000089c00000, 0x0000000089d00000|  0%| F|  |TAMS 0x0000000089c00000, 0x0000000089c00000| Untracked 
| 127|0x0000000089d00000, 0x0000000089d00000, 0x0000000089e00000|  0%| F|  |TAMS 0x0000000089d00000, 0x0000000089d00000| Untracked 
| 128|0x0000000089e00000, 0x0000000089e00000, 0x0000000089f00000|  0%| F|  |TAMS 0x0000000089e00000, 0x0000000089e00000| Untracked 
| 129|0x0000000089f00000, 0x0000000089f00000, 0x000000008a000000|  0%| F|  |TAMS 0x0000000089f00000, 0x0000000089f00000| Untracked 
| 130|0x000000008a000000, 0x000000008a000000, 0x000000008a100000|  0%| F|  |TAMS 0x000000008a000000, 0x000000008a000000| Untracked 
| 131|0x000000008a100000, 0x000000008a100000, 0x000000008a200000|  0%| F|  |TAMS 0x000000008a100000, 0x000000008a100000| Untracked 
| 132|0x000000008a200000, 0x000000008a200000, 0x000000008a300000|  0%| F|  |TAMS 0x000000008a200000, 0x000000008a200000| Untracked 
| 133|0x000000008a300000, 0x000000008a300000, 0x000000008a400000|  0%| F|  |TAMS 0x000000008a300000, 0x000000008a300000| Untracked 
| 134|0x000000008a400000, 0x000000008a400000, 0x000000008a500000|  0%| F|  |TAMS 0x000000008a400000, 0x000000008a400000| Untracked 
| 135|0x000000008a500000, 0x000000008a500000, 0x000000008a600000|  0%| F|  |TAMS 0x000000008a500000, 0x000000008a500000| Untracked 
| 136|0x000000008a600000, 0x000000008a600000, 0x000000008a700000|  0%| F|  |TAMS 0x000000008a600000, 0x000000008a600000| Untracked 
| 137|0x000000008a700000, 0x000000008a700000, 0x000000008a800000|  0%| F|  |TAMS 0x000000008a700000, 0x000000008a700000| Untracked 
| 138|0x000000008a800000, 0x000000008a800000, 0x000000008a900000|  0%| F|  |TAMS 0x000000008a800000, 0x000000008a800000| Untracked 
| 139|0x000000008a900000, 0x000000008a900000, 0x000000008aa00000|  0%| F|  |TAMS 0x000000008a900000, 0x000000008a900000| Untracked 
| 140|0x000000008aa00000, 0x000000008aa00000, 0x000000008ab00000|  0%| F|  |TAMS 0x000000008aa00000, 0x000000008aa00000| Untracked 
| 141|0x000000008ab00000, 0x000000008ab00000, 0x000000008ac00000|  0%| F|  |TAMS 0x000000008ab00000, 0x000000008ab00000| Untracked 
| 142|0x000000008ac00000, 0x000000008ac00000, 0x000000008ad00000|  0%| F|  |TAMS 0x000000008ac00000, 0x000000008ac00000| Untracked 
| 143|0x000000008ad00000, 0x000000008ad00000, 0x000000008ae00000|  0%| F|  |TAMS 0x000000008ad00000, 0x000000008ad00000| Untracked 
| 144|0x000000008ae00000, 0x000000008ae00000, 0x000000008af00000|  0%| F|  |TAMS 0x000000008ae00000, 0x000000008ae00000| Untracked 
| 145|0x000000008af00000, 0x000000008af00000, 0x000000008b000000|  0%| F|  |TAMS 0x000000008af00000, 0x000000008af00000| Untracked 
| 146|0x000000008b000000, 0x000000008b000000, 0x000000008b100000|  0%| F|  |TAMS 0x000000008b000000, 0x000000008b000000| Untracked 
| 147|0x000000008b100000, 0x000000008b100000, 0x000000008b200000|  0%| F|  |TAMS 0x000000008b100000, 0x000000008b100000| Untracked 
| 148|0x000000008b200000, 0x000000008b200000, 0x000000008b300000|  0%| F|  |TAMS 0x000000008b200000, 0x000000008b200000| Untracked 
| 149|0x000000008b300000, 0x000000008b300000, 0x000000008b400000|  0%| F|  |TAMS 0x000000008b300000, 0x000000008b300000| Untracked 
| 150|0x000000008b400000, 0x000000008b400000, 0x000000008b500000|  0%| F|  |TAMS 0x000000008b400000, 0x000000008b400000| Untracked 
| 151|0x000000008b500000, 0x000000008b500000, 0x000000008b600000|  0%| F|  |TAMS 0x000000008b500000, 0x000000008b500000| Untracked 
| 152|0x000000008b600000, 0x000000008b600000, 0x000000008b700000|  0%| F|  |TAMS 0x000000008b600000, 0x000000008b600000| Untracked 
| 153|0x000000008b700000, 0x000000008b700000, 0x000000008b800000|  0%| F|  |TAMS 0x000000008b700000, 0x000000008b700000| Untracked 
| 154|0x000000008b800000, 0x000000008b800000, 0x000000008b900000|  0%| F|  |TAMS 0x000000008b800000, 0x000000008b800000| Untracked 
| 155|0x000000008b900000, 0x000000008b900000, 0x000000008ba00000|  0%| F|  |TAMS 0x000000008b900000, 0x000000008b900000| Untracked 
| 156|0x000000008ba00000, 0x000000008ba00000, 0x000000008bb00000|  0%| F|  |TAMS 0x000000008ba00000, 0x000000008ba00000| Untracked 
| 157|0x000000008bb00000, 0x000000008bb00000, 0x000000008bc00000|  0%| F|  |TAMS 0x000000008bb00000, 0x000000008bb00000| Untracked 
| 158|0x000000008bc00000, 0x000000008bc00000, 0x000000008bd00000|  0%| F|  |TAMS 0x000000008bc00000, 0x000000008bc00000| Untracked 
| 159|0x000000008bd00000, 0x000000008bd00000, 0x000000008be00000|  0%| F|  |TAMS 0x000000008bd00000, 0x000000008bd00000| Untracked 
| 160|0x000000008be00000, 0x000000008be00000, 0x000000008bf00000|  0%| F|  |TAMS 0x000000008be00000, 0x000000008be00000| Untracked 
| 161|0x000000008bf00000, 0x000000008bf00000, 0x000000008c000000|  0%| F|  |TAMS 0x000000008bf00000, 0x000000008bf00000| Untracked 
| 162|0x000000008c000000, 0x000000008c000000, 0x000000008c100000|  0%| F|  |TAMS 0x000000008c000000, 0x000000008c000000| Untracked 
| 163|0x000000008c100000, 0x000000008c100000, 0x000000008c200000|  0%| F|  |TAMS 0x000000008c100000, 0x000000008c100000| Untracked 
| 164|0x000000008c200000, 0x000000008c200000, 0x000000008c300000|  0%| F|  |TAMS 0x000000008c200000, 0x000000008c200000| Untracked 
| 165|0x000000008c300000, 0x000000008c400000, 0x000000008c400000|100%| E|  |TAMS 0x000000008c300000, 0x000000008c300000| Complete 
| 166|0x000000008c400000, 0x000000008c500000, 0x000000008c500000|100%| E|CS|TAMS 0x000000008c400000, 0x000000008c400000| Complete 
| 167|0x000000008c500000, 0x000000008c600000, 0x000000008c600000|100%| E|CS|TAMS 0x000000008c500000, 0x000000008c500000| Complete 

Card table byte_map: [0x000001b47bb60000,0x000001b47bf60000] _byte_map_base: 0x000001b47b751000

Marking Bits (Prev, Next): (CMBitMap*) 0x000001b4798e4fe0, (CMBitMap*) 0x000001b4798e5020
 Prev Bits: [0x000001b47c360000, 0x000001b47e2e8000)
 Next Bits: [0x000001b416870000, 0x000001b4187f8000)

Polling page: 0x000001b479950000

Metaspace:

Usage:
  Non-class:     44.32 MB used.
      Class:      6.01 MB used.
       Both:     50.33 MB used.

Virtual space:
  Non-class space:       64.00 MB reserved,      44.69 MB ( 70%) committed,  1 nodes.
      Class space:        1.00 GB reserved,       6.38 MB ( <1%) committed,  1 nodes.
             Both:        1.06 GB reserved,      51.06 MB (  5%) committed. 

Chunk freelists:
   Non-Class:  3.28 MB
       Class:  1.51 MB
        Both:  4.79 MB

MaxMetaspaceSize: unlimited
CompressedClassSpaceSize: 1.00 GB
Initial GC threshold: 21.00 MB
Current GC threshold: 58.88 MB
CDS: on
MetaspaceReclaimPolicy: balanced
 - commit_granule_bytes: 65536.
 - commit_granule_words: 8192.
 - virtual_space_node_default_size: 8388608.
 - enlarge_chunks_in_place: 1.
 - new_chunks_are_fully_committed: 0.
 - uncommit_free_chunks: 1.
 - use_allocation_guard: 0.


Internal statistics:

num_allocs_failed_limit: 6.
num_arena_births: 1154.
num_arena_deaths: 0.
num_vsnodes_births: 2.
num_vsnodes_deaths: 0.
num_space_committed: 815.
num_space_uncommitted: 0.
num_chunks_returned_to_freelist: 6.
num_chunks_taken_from_freelist: 3149.
num_chunk_merges: 3.
num_chunk_splits: 2321.
num_chunks_enlarged: 1767.
num_inconsistent_stats: 0.

CodeHeap 'non-profiled nmethods': size=120000Kb used=3256Kb max_used=3256Kb free=116743Kb
 bounds [0x000001b40f340000, 0x000001b40f670000, 0x000001b416870000]
CodeHeap 'profiled nmethods': size=120000Kb used=16982Kb max_used=16982Kb free=103017Kb
 bounds [0x000001b407e10000, 0x000001b408eb0000, 0x000001b40f340000]
CodeHeap 'non-nmethods': size=5760Kb used=1308Kb max_used=1352Kb free=4451Kb
 bounds [0x000001b407870000, 0x000001b407ae0000, 0x000001b407e10000]
 total_blobs=7661 nmethods=7050 adapters=522
 compilation: enabled
              stopped_count=0, restarted_count=0
 full_count=0

Compilation events (20 events):
Event: 41.536 Thread 0x000001b47e8ccc90 nmethod 7976 0x000001b40f66b010 code [0x000001b40f66b1e0, 0x000001b40f66b548]
Event: 41.536 Thread 0x000001b47e8ccc90 7977       4       org.jetbrains.kotlin.name.FqNameUnsafe::startsWith (58 bytes)
Event: 41.543 Thread 0x000001b47e8ccc90 nmethod 7977 0x000001b40f66b890 code [0x000001b40f66ba40, 0x000001b40f66be08]
Event: 41.548 Thread 0x000001b47e8ccc90 7978       4       org.jetbrains.kotlin.load.java.structure.impl.classFiles.BinaryJavaMethodBase$Companion::create (613 bytes)
Event: 41.721 Thread 0x000001b47e8ced30 7980       3       org.jetbrains.kotlin.com.intellij.openapi.util.Pair::hashCode (45 bytes)
Event: 41.722 Thread 0x000001b47e8ced30 nmethod 7980 0x000001b408e9ab10 code [0x000001b408e9acc0, 0x000001b408e9b018]
Event: 41.729 Thread 0x000001b47e8ced30 7981       3       org.jetbrains.kotlin.load.java.structure.impl.classFiles.BinaryJavaConstructor::<init> (43 bytes)
Event: 41.732 Thread 0x000001b47e8ced30 nmethod 7981 0x000001b408e9b110 code [0x000001b408e9b420, 0x000001b408e9c3f8]
Event: 41.867 Thread 0x000001b47e8ced30 7984       3       org.jetbrains.kotlin.load.java.lazy.descriptors.LazyJavaClassDescriptor::getUnsubstitutedInnerClassesScope (8 bytes)
Event: 41.867 Thread 0x000001b47e8ced30 nmethod 7984 0x000001b408e9c990 code [0x000001b408e9cb20, 0x000001b408e9cc38]
Event: 42.007 Thread 0x000001b47e8ced30 7985       3       org.jetbrains.kotlin.resolve.lazy.descriptors.LazyClassMemberScope::getContributedFunctions (28 bytes)
Event: 42.010 Thread 0x000001b47e8ced30 nmethod 7985 0x000001b408e9cd10 code [0x000001b408e9d0c0, 0x000001b408e9e788]
Event: 42.024 Thread 0x000001b47e8ced30 7987       3       org.jetbrains.kotlin.resolve.DescriptorUtils::unwrapFakeOverrideToAnyDeclaration (35 bytes)
Event: 42.025 Thread 0x000001b47e8ced30 nmethod 7987 0x000001b408e9ef90 code [0x000001b408e9f160, 0x000001b408e9f5e8]
Event: 42.053 Thread 0x000001b47e8ced30 7988       3       org.jetbrains.kotlin.load.java.lazy.descriptors.LazyJavaClassDescriptor::getVisibility (48 bytes)
Event: 42.055 Thread 0x000001b47e8ced30 nmethod 7988 0x000001b408e9f710 code [0x000001b408e9f9a0, 0x000001b408ea0418]
Event: 42.146 Thread 0x000001b47e8ced30 7989       3       org.jetbrains.kotlin.storage.LockBasedStorageManager$LockBasedLazyValueWithPostCompute::<init> (28 bytes)
Event: 42.147 Thread 0x000001b47e8ced30 nmethod 7989 0x000001b408ea0790 code [0x000001b408ea0960, 0x000001b408ea0c08]
Event: 42.227 Thread 0x000001b47e8ced30 7990       3       org.jetbrains.kotlin.resolve.DescriptorUtils::unwrapFakeOverride (94 bytes)
Event: 42.228 Thread 0x000001b47e8ced30 nmethod 7990 0x000001b408ea0d10 code [0x000001b408ea1000, 0x000001b408ea1ed8]

GC Heap History (20 events):
Event: 2.687 GC heap before
{Heap before GC invocations=0 (full 0):
 garbage-first heap   total 131072K, used 16384K [0x0000000081e00000, 0x0000000100000000)
  region size 1024K, 13 young (13312K), 0 survivors (0K)
 Metaspace       used 3816K, committed 3968K, reserved 1114112K
  class space    used 303K, committed 384K, reserved 1048576K
}
Event: 2.771 GC heap after
{Heap after GC invocations=1 (full 0):
 garbage-first heap   total 131072K, used 5205K [0x0000000081e00000, 0x0000000100000000)
  region size 1024K, 2 young (2048K), 2 survivors (2048K)
 Metaspace       used 3816K, committed 3968K, reserved 1114112K
  class space    used 303K, committed 384K, reserved 1048576K
}
Event: 4.639 GC heap before
{Heap before GC invocations=1 (full 0):
 garbage-first heap   total 131072K, used 20565K [0x0000000081e00000, 0x0000000100000000)
  region size 1024K, 18 young (18432K), 2 survivors (2048K)
 Metaspace       used 7539K, committed 7680K, reserved 1114112K
  class space    used 760K, committed 832K, reserved 1048576K
}
Event: 4.649 GC heap after
{Heap after GC invocations=2 (full 0):
 garbage-first heap   total 131072K, used 6901K [0x0000000081e00000, 0x0000000100000000)
  region size 1024K, 2 young (2048K), 2 survivors (2048K)
 Metaspace       used 7539K, committed 7680K, reserved 1114112K
  class space    used 760K, committed 832K, reserved 1048576K
}
Event: 12.776 GC heap before
{Heap before GC invocations=2 (full 0):
 garbage-first heap   total 131072K, used 87797K [0x0000000081e00000, 0x0000000100000000)
  region size 1024K, 71 young (72704K), 2 survivors (2048K)
 Metaspace       used 21341K, committed 21504K, reserved 1114112K
  class space    used 2655K, committed 2752K, reserved 1048576K
}
Event: 12.801 GC heap after
{Heap after GC invocations=3 (full 0):
 garbage-first heap   total 131072K, used 23564K [0x0000000081e00000, 0x0000000100000000)
  region size 1024K, 10 young (10240K), 10 survivors (10240K)
 Metaspace       used 21341K, committed 21504K, reserved 1114112K
  class space    used 2655K, committed 2752K, reserved 1048576K
}
Event: 16.374 GC heap before
{Heap before GC invocations=4 (full 0):
 garbage-first heap   total 86016K, used 64524K [0x0000000081e00000, 0x0000000100000000)
  region size 1024K, 50 young (51200K), 10 survivors (10240K)
 Metaspace       used 29795K, committed 30080K, reserved 1114112K
  class space    used 3667K, committed 3776K, reserved 1048576K
}
Event: 16.419 GC heap after
{Heap after GC invocations=5 (full 0):
 garbage-first heap   total 86016K, used 26116K [0x0000000081e00000, 0x0000000100000000)
  region size 1024K, 5 young (5120K), 5 survivors (5120K)
 Metaspace       used 29795K, committed 30080K, reserved 1114112K
  class space    used 3667K, committed 3776K, reserved 1048576K
}
Event: 16.468 GC heap before
{Heap before GC invocations=5 (full 0):
 garbage-first heap   total 86016K, used 27140K [0x0000000081e00000, 0x0000000100000000)
  region size 1024K, 6 young (6144K), 5 survivors (5120K)
 Metaspace       used 29889K, committed 30144K, reserved 1114112K
  class space    used 3684K, committed 3776K, reserved 1048576K
}
Event: 16.483 GC heap after
{Heap after GC invocations=6 (full 0):
 garbage-first heap   total 86016K, used 27136K [0x0000000081e00000, 0x0000000100000000)
  region size 1024K, 1 young (1024K), 1 survivors (1024K)
 Metaspace       used 29889K, committed 30144K, reserved 1114112K
  class space    used 3684K, committed 3776K, reserved 1048576K
}
Event: 22.317 GC heap before
{Heap before GC invocations=6 (full 0):
 garbage-first heap   total 86016K, used 57856K [0x0000000081e00000, 0x0000000100000000)
  region size 1024K, 33 young (33792K), 1 survivors (1024K)
 Metaspace       used 35435K, committed 36096K, reserved 1114112K
  class space    used 4380K, committed 4736K, reserved 1048576K
}
Event: 22.333 GC heap after
{Heap after GC invocations=7 (full 0):
 garbage-first heap   total 86016K, used 29455K [0x0000000081e00000, 0x0000000100000000)
  region size 1024K, 4 young (4096K), 4 survivors (4096K)
 Metaspace       used 35435K, committed 36096K, reserved 1114112K
  class space    used 4380K, committed 4736K, reserved 1048576K
}
Event: 27.700 GC heap before
{Heap before GC invocations=8 (full 0):
 garbage-first heap   total 86016K, used 66319K [0x0000000081e00000, 0x0000000100000000)
  region size 1024K, 38 young (38912K), 4 survivors (4096K)
 Metaspace       used 41860K, committed 42560K, reserved 1114112K
  class space    used 5073K, committed 5440K, reserved 1048576K
}
Event: 27.736 GC heap after
{Heap after GC invocations=9 (full 0):
 garbage-first heap   total 86016K, used 36160K [0x0000000081e00000, 0x0000000100000000)
  region size 1024K, 5 young (5120K), 5 survivors (5120K)
 Metaspace       used 41860K, committed 42560K, reserved 1114112K
  class space    used 5073K, committed 5440K, reserved 1048576K
}
Event: 27.841 GC heap before
{Heap before GC invocations=9 (full 0):
 garbage-first heap   total 86016K, used 37184K [0x0000000081e00000, 0x0000000100000000)
  region size 1024K, 6 young (6144K), 5 survivors (5120K)
 Metaspace       used 41936K, committed 42624K, reserved 1114112K
  class space    used 5080K, committed 5440K, reserved 1048576K
}
Event: 27.858 GC heap after
{Heap after GC invocations=10 (full 0):
 garbage-first heap   total 86016K, used 36639K [0x0000000081e00000, 0x0000000100000000)
  region size 1024K, 1 young (1024K), 1 survivors (1024K)
 Metaspace       used 41936K, committed 42624K, reserved 1114112K
  class space    used 5080K, committed 5440K, reserved 1048576K
}
Event: 29.152 GC heap before
{Heap before GC invocations=10 (full 0):
 garbage-first heap   total 86016K, used 65311K [0x0000000081e00000, 0x0000000100000000)
  region size 1024K, 29 young (29696K), 1 survivors (1024K)
 Metaspace       used 42833K, committed 43456K, reserved 1114112K
  class space    used 5134K, committed 5440K, reserved 1048576K
}
Event: 29.169 GC heap after
{Heap after GC invocations=11 (full 0):
 garbage-first heap   total 172032K, used 38508K [0x0000000081e00000, 0x0000000100000000)
  region size 1024K, 3 young (3072K), 3 survivors (3072K)
 Metaspace       used 42833K, committed 43456K, reserved 1114112K
  class space    used 5134K, committed 5440K, reserved 1048576K
}
Event: 41.924 GC heap before
{Heap before GC invocations=11 (full 0):
 garbage-first heap   total 172032K, used 122476K [0x0000000081e00000, 0x0000000100000000)
  region size 1024K, 85 young (87040K), 3 survivors (3072K)
 Metaspace       used 51530K, committed 52288K, reserved 1114112K
  class space    used 6158K, committed 6528K, reserved 1048576K
}
Event: 41.984 GC heap after
{Heap after GC invocations=12 (full 0):
 garbage-first heap   total 172032K, used 51777K [0x0000000081e00000, 0x0000000100000000)
  region size 1024K, 11 young (11264K), 11 survivors (11264K)
 Metaspace       used 51530K, committed 52288K, reserved 1114112K
  class space    used 6158K, committed 6528K, reserved 1048576K
}

Deoptimization events (20 events):
Event: 37.456 Thread 0x000001b479883fb0 DEOPT PACKING pc=0x000001b40f623934 sp=0x00000017f84fc860
Event: 37.456 Thread 0x000001b479883fb0 DEOPT UNPACKING pc=0x000001b4078c23a3 sp=0x00000017f84fc680 mode 2
Event: 40.209 Thread 0x000001b479883fb0 DEOPT PACKING pc=0x000001b408866b4f sp=0x00000017f84fc110
Event: 40.212 Thread 0x000001b479883fb0 DEOPT UNPACKING pc=0x000001b4078c2b43 sp=0x00000017f84fb5d0 mode 0
Event: 40.617 Thread 0x000001b479883fb0 Uncommon trap: trap_request=0xffffffde fr.pc=0x000001b40f6447f0 relative=0x0000000000006530
Event: 40.617 Thread 0x000001b479883fb0 Uncommon trap: reason=class_check action=maybe_recompile pc=0x000001b40f6447f0 method=org.jetbrains.kotlin.types.TypeSubstitutor.unsafeSubstitute(Lorg/jetbrains/kotlin/types/TypeProjection;Lorg/jetbrains/kotlin/descriptors/TypeParameterDescriptor;I)Lorg/j
Event: 40.617 Thread 0x000001b479883fb0 DEOPT PACKING pc=0x000001b40f6447f0 sp=0x00000017f84fcf90
Event: 40.617 Thread 0x000001b479883fb0 DEOPT UNPACKING pc=0x000001b4078c23a3 sp=0x00000017f84fcf80 mode 2
Event: 40.618 Thread 0x000001b479883fb0 Uncommon trap: trap_request=0xffffffde fr.pc=0x000001b40f6447f0 relative=0x0000000000006530
Event: 40.618 Thread 0x000001b479883fb0 Uncommon trap: reason=class_check action=maybe_recompile pc=0x000001b40f6447f0 method=org.jetbrains.kotlin.types.TypeSubstitutor.unsafeSubstitute(Lorg/jetbrains/kotlin/types/TypeProjection;Lorg/jetbrains/kotlin/descriptors/TypeParameterDescriptor;I)Lorg/j
Event: 40.618 Thread 0x000001b479883fb0 DEOPT PACKING pc=0x000001b40f6447f0 sp=0x00000017f84fd0c0
Event: 40.618 Thread 0x000001b479883fb0 DEOPT UNPACKING pc=0x000001b4078c23a3 sp=0x00000017f84fd0b0 mode 2
Event: 41.238 Thread 0x000001b479883fb0 Uncommon trap: trap_request=0xffffffc6 fr.pc=0x000001b40f6563b8 relative=0x0000000000000bd8
Event: 41.238 Thread 0x000001b479883fb0 Uncommon trap: reason=bimorphic_or_optimized_type_check action=maybe_recompile pc=0x000001b40f6563b8 method=kotlin.collections.CollectionsKt___CollectionsKt.toSet(Ljava/lang/Iterable;)Ljava/util/Set; @ 96 c2
Event: 41.238 Thread 0x000001b479883fb0 DEOPT PACKING pc=0x000001b40f6563b8 sp=0x00000017f84fd160
Event: 41.238 Thread 0x000001b479883fb0 DEOPT UNPACKING pc=0x000001b4078c23a3 sp=0x00000017f84fd120 mode 2
Event: 41.520 Thread 0x000001b479883fb0 Uncommon trap: trap_request=0xffffff45 fr.pc=0x000001b40f6404e4 relative=0x0000000000002224
Event: 41.520 Thread 0x000001b479883fb0 Uncommon trap: reason=unstable_if action=reinterpret pc=0x000001b40f6404e4 method=org.jetbrains.kotlin.types.TypeCapabilitiesKt.getCustomTypeVariable(Lorg/jetbrains/kotlin/types/KotlinType;)Lorg/jetbrains/kotlin/types/CustomTypeVariable; @ 55 c2
Event: 41.520 Thread 0x000001b479883fb0 DEOPT PACKING pc=0x000001b40f6404e4 sp=0x00000017f84fcdd0
Event: 41.520 Thread 0x000001b479883fb0 DEOPT UNPACKING pc=0x000001b4078c23a3 sp=0x00000017f84fcd38 mode 2

Classes loaded (20 events):
Event: 32.058 Loading class java/util/stream/Node$OfLong done
Event: 32.058 Loading class java/util/stream/Nodes$EmptyNode$OfLong done
Event: 32.058 Loading class java/util/stream/Nodes$EmptyNode$OfDouble
Event: 32.059 Loading class java/util/stream/Node$OfDouble
Event: 32.060 Loading class java/util/stream/Node$OfDouble done
Event: 32.060 Loading class java/util/stream/Nodes$EmptyNode$OfDouble done
Event: 32.060 Loading class java/util/stream/Nodes$SpinedNodeBuilder
Event: 32.060 Loading class java/util/stream/Node$Builder
Event: 32.060 Loading class java/util/stream/Node$Builder done
Event: 32.061 Loading class java/util/stream/SpinedBuffer
Event: 32.063 Loading class java/util/stream/AbstractSpinedBuffer
Event: 32.063 Loading class java/util/stream/AbstractSpinedBuffer done
Event: 32.063 Loading class java/util/stream/SpinedBuffer done
Event: 32.063 Loading class java/util/stream/Nodes$SpinedNodeBuilder done
Event: 32.064 Loading class java/util/stream/SortedOps$RefSortingSink
Event: 32.064 Loading class java/util/stream/SortedOps$AbstractRefSortingSink
Event: 32.064 Loading class java/util/stream/SortedOps$AbstractRefSortingSink done
Event: 32.064 Loading class java/util/stream/SortedOps$RefSortingSink done
Event: 41.243 Loading class java/util/concurrent/locks/AbstractQueuedSynchronizer$Node
Event: 41.243 Loading class java/util/concurrent/locks/AbstractQueuedSynchronizer$Node done

Classes unloaded (0 events):
No events

Classes redefined (0 events):
No events

Internal exceptions (20 events):
Event: 18.274 Thread 0x000001b479883fb0 Exception <a 'java/lang/NoSuchMethodError'{0x0000000085ff7850}: 'java.lang.Object java.lang.invoke.DirectMethodHandle$Holder.invokeSpecial(java.lang.Object, java.lang.Object, java.lang.Object, java.lang.Object, java.lang.Object, java.lang.Object, java.lang.Object, java.lang.Object, java.lang.Object, java.lang.Object, java.lang.Object, java.lang.Object, java.lang.Object, java.lang.Object)'> (0x0000000085ff7850) 
thrown [s\open\src\hotspot\share\interpreter\linkResolver.cpp, line 759]
Event: 20.189 Thread 0x000001b479883fb0 Exception <a 'java/lang/NoSuchMethodError'{0x000000008599e578}: 'java.lang.Object java.lang.invoke.DirectMethodHandle$Holder.newInvokeSpecial(java.lang.Object, java.lang.Object, int)'> (0x000000008599e578) 
thrown [s\open\src\hotspot\share\interpreter\linkResolver.cpp, line 759]
Event: 22.008 Thread 0x000001b479883fb0 Exception <a 'java/lang/NoSuchMethodError'{0x00000000853f0f20}: 'java.lang.Object java.lang.invoke.DirectMethodHandle$Holder.newInvokeSpecial(java.lang.Object, java.lang.Object, java.lang.Object, int)'> (0x00000000853f0f20) 
thrown [s\open\src\hotspot\share\interpreter\linkResolver.cpp, line 759]
Event: 22.010 Thread 0x000001b479883fb0 Exception <a 'java/lang/NoSuchMethodError'{0x00000000853f52d8}: 'java.lang.Object java.lang.invoke.DirectMethodHandle$Holder.invokeSpecial(java.lang.Object, java.lang.Object, java.lang.Object, java.lang.Object, int)'> (0x00000000853f52d8) 
thrown [s\open\src\hotspot\share\interpreter\linkResolver.cpp, line 759]
Event: 22.015 Thread 0x000001b479883fb0 Exception <a 'java/lang/NoSuchMethodError'{0x00000000853f8c88}: 'java.lang.Object java.lang.invoke.Invokers$Holder.linkToTargetMethod(java.lang.Object, java.lang.Object, int, java.lang.Object)'> (0x00000000853f8c88) 
thrown [s\open\src\hotspot\share\interpreter\linkResolver.cpp, line 759]
Event: 25.726 Thread 0x000001b479883fb0 Exception <a 'java/lang/NoSuchMethodError'{0x0000000085c5fce8}: 'java.lang.Object java.lang.invoke.Invokers$Holder.linkToTargetMethod(java.lang.Object, java.lang.Object, java.lang.Object, java.lang.Object, java.lang.Object, java.lang.Object, java.lang.Object, java.lang.Object)'> (0x0000000085c5fce8) 
thrown [s\open\src\hotspot\share\interpreter\linkResolver.cpp, line 759]
Event: 26.565 Thread 0x000001b479883fb0 Implicit null exception at 0x000001b40f50f5c3 to 0x000001b40f5107dc
Event: 26.565 Thread 0x000001b479883fb0 Implicit null exception at 0x000001b40f4f551b to 0x000001b40f4f5c44
Event: 29.648 Thread 0x000001b479883fb0 Implicit null exception at 0x000001b40f52e4a8 to 0x000001b40f532100
Event: 30.183 Thread 0x000001b479883fb0 Exception <a 'java/lang/NoSuchMethodError'{0x000000008ba04388}: 'void java.lang.invoke.DirectMethodHandle$Holder.invokeSpecial(java.lang.Object, java.lang.Object, int, java.lang.Object)'> (0x000000008ba04388) 
thrown [s\open\src\hotspot\share\interpreter\linkResolver.cpp, line 759]
Event: 30.524 Thread 0x000001b479883fb0 Exception <a 'java/lang/NoSuchMethodError'{0x000000008b720528}: 'int java.lang.invoke.DirectMethodHandle$Holder.invokeVirtual(java.lang.Object, java.lang.Object, java.lang.Object)'> (0x000000008b720528) 
thrown [s\open\src\hotspot\share\interpreter\linkResolver.cpp, line 759]
Event: 30.543 Thread 0x000001b479883fb0 Exception <a 'java/lang/NoSuchMethodError'{0x000000008b75dab8}: 'java.lang.Object java.lang.invoke.DirectMethodHandle$Holder.newInvokeSpecial(java.lang.Object, java.lang.Object, java.lang.Object, java.lang.Object, int)'> (0x000000008b75dab8) 
thrown [s\open\src\hotspot\share\interpreter\linkResolver.cpp, line 759]
Event: 30.545 Thread 0x000001b479883fb0 Exception <a 'java/lang/NoSuchMethodError'{0x000000008b7620a0}: 'java.lang.Object java.lang.invoke.DirectMethodHandle$Holder.invokeSpecial(java.lang.Object, java.lang.Object, java.lang.Object, java.lang.Object, java.lang.Object, int)'> (0x000000008b7620a0) 
thrown [s\open\src\hotspot\share\interpreter\linkResolver.cpp, line 759]
Event: 30.546 Thread 0x000001b479883fb0 Exception <a 'java/lang/NoSuchMethodError'{0x000000008b766038}: 'java.lang.Object java.lang.invoke.Invokers$Holder.linkToTargetMethod(java.lang.Object, java.lang.Object, java.lang.Object, int, java.lang.Object)'> (0x000000008b766038) 
thrown [s\open\src\hotspot\share\interpreter\linkResolver.cpp, line 759]
Event: 31.732 Thread 0x000001b479883fb0 Exception <a 'java/lang/NoSuchMethodError'{0x000000008a996c40}: 'java.lang.Object java.lang.invoke.DirectMethodHandle$Holder.invokeStaticInit(java.lang.Object, java.lang.Object, java.lang.Object)'> (0x000000008a996c40) 
thrown [s\open\src\hotspot\share\interpreter\linkResolver.cpp, line 759]
Event: 31.990 Thread 0x000001b479883fb0 Exception <a 'java/lang/NoSuchMethodError'{0x000000008a888b10}: 'int java.lang.invoke.DirectMethodHandle$Holder.invokeSpecialIFC(java.lang.Object, java.lang.Object, java.lang.Object, java.lang.Object, java.lang.Object)'> (0x000000008a888b10) 
thrown [s\open\src\hotspot\share\interpreter\linkResolver.cpp, line 759]
Event: 32.070 Thread 0x000001b479883fb0 Exception <a 'java/lang/NoSuchMethodError'{0x000000008a8aad10}: 'int java.lang.invoke.DirectMethodHandle$Holder.invokeStaticInit(java.lang.Object, int)'> (0x000000008a8aad10) 
thrown [s\open\src\hotspot\share\interpreter\linkResolver.cpp, line 759]
Event: 32.071 Thread 0x000001b479883fb0 Exception <a 'java/lang/NoSuchMethodError'{0x000000008a8b0f68}: 'void java.lang.invoke.DirectMethodHandle$Holder.invokeInterface(java.lang.Object, java.lang.Object, java.lang.Object)'> (0x000000008a8b0f68) 
thrown [s\open\src\hotspot\share\interpreter\linkResolver.cpp, line 759]
Event: 32.879 Thread 0x000001b479883fb0 Implicit null exception at 0x000001b40f59ce95 to 0x000001b40f59d41c
Event: 36.771 Thread 0x000001b479883fb0 Exception <a 'java/lang/NoSuchMethodError'{0x0000000088fe23b0}: 'java.lang.Object java.lang.invoke.DirectMethodHandle$Holder.newInvokeSpecial(java.lang.Object, int, java.lang.Object)'> (0x0000000088fe23b0) 
thrown [s\open\src\hotspot\share\interpreter\linkResolver.cpp, line 759]

VM Operations (20 events):
Event: 36.079 Executing VM operation: HandshakeAllThreads
Event: 36.079 Executing VM operation: HandshakeAllThreads done
Event: 36.081 Executing VM operation: HandshakeAllThreads
Event: 36.081 Executing VM operation: HandshakeAllThreads done
Event: 36.663 Executing VM operation: ICBufferFull
Event: 36.663 Executing VM operation: ICBufferFull done
Event: 37.184 Executing VM operation: ICBufferFull
Event: 37.186 Executing VM operation: ICBufferFull done
Event: 38.196 Executing VM operation: Cleanup
Event: 38.197 Executing VM operation: Cleanup done
Event: 38.827 Executing VM operation: ICBufferFull
Event: 38.827 Executing VM operation: ICBufferFull done
Event: 39.829 Executing VM operation: Cleanup
Event: 39.865 Executing VM operation: Cleanup done
Event: 40.872 Executing VM operation: Cleanup
Event: 40.889 Executing VM operation: Cleanup done
Event: 41.902 Executing VM operation: Cleanup
Event: 41.917 Executing VM operation: Cleanup done
Event: 41.924 Executing VM operation: G1CollectForAllocation
Event: 41.984 Executing VM operation: G1CollectForAllocation done

Events (20 events):
Event: 33.319 Thread 0x000001b47e93b870 flushing nmethod 0x000001b4087d9310
Event: 33.319 Thread 0x000001b47e93b870 flushing nmethod 0x000001b4087e4d10
Event: 33.319 Thread 0x000001b47e93b870 flushing nmethod 0x000001b4087ec910
Event: 33.319 Thread 0x000001b47e93b870 flushing nmethod 0x000001b4087f8410
Event: 33.320 Thread 0x000001b47e93b870 flushing nmethod 0x000001b408807f10
Event: 33.320 Thread 0x000001b47e93b870 flushing nmethod 0x000001b40880d710
Event: 33.320 Thread 0x000001b47e93b870 flushing nmethod 0x000001b40880dd10
Event: 33.320 Thread 0x000001b47e93b870 flushing nmethod 0x000001b408865790
Event: 33.320 Thread 0x000001b47e93b870 flushing nmethod 0x000001b408867b90
Event: 33.320 Thread 0x000001b47e93b870 flushing nmethod 0x000001b40888f290
Event: 33.320 Thread 0x000001b47e93b870 flushing nmethod 0x000001b408891090
Event: 33.321 Thread 0x000001b47e93b870 flushing nmethod 0x000001b4088f0010
Event: 33.321 Thread 0x000001b47e93b870 flushing nmethod 0x000001b40892f590
Event: 33.321 Thread 0x000001b47e93b870 flushing nmethod 0x000001b408943110
Event: 33.321 Thread 0x000001b47e93b870 flushing nmethod 0x000001b408953090
Event: 33.321 Thread 0x000001b47e93b870 flushing nmethod 0x000001b408953810
Event: 33.321 Thread 0x000001b47e93b870 flushing nmethod 0x000001b408963690
Event: 33.321 Thread 0x000001b47e93b870 flushing nmethod 0x000001b408979a10
Event: 33.321 Thread 0x000001b47e93b870 flushing nmethod 0x000001b40897f710
Event: 33.322 Thread 0x000001b47e93b870 flushing nmethod 0x000001b4089d8590


Dynamic libraries:
0x00007ff6121b0000 - 0x00007ff6121c0000 	C:\Program Files\Java\jdk-18.0.2.1\bin\java.exe
0x00007ffb85f30000 - 0x00007ffb86128000 	C:\Windows\SYSTEM32\ntdll.dll
0x00007ffb84c70000 - 0x00007ffb84d2d000 	C:\Windows\System32\KERNEL32.DLL
0x00007ffb838e0000 - 0x00007ffb83bae000 	C:\Windows\System32\KERNELBASE.dll
0x00007ffb836a0000 - 0x00007ffb837a0000 	C:\Windows\System32\ucrtbase.dll
0x00007ffb6e420000 - 0x00007ffb6e43a000 	C:\Program Files\Java\jdk-18.0.2.1\bin\VCRUNTIME140.dll
0x00007ffb715d0000 - 0x00007ffb715e8000 	C:\Program Files\Java\jdk-18.0.2.1\bin\jli.dll
0x00007ffb84870000 - 0x00007ffb8491e000 	C:\Windows\System32\ADVAPI32.dll
0x00007ffb83f90000 - 0x00007ffb8402e000 	C:\Windows\System32\msvcrt.dll
0x00007ffb849b0000 - 0x00007ffb84a4c000 	C:\Windows\System32\sechost.dll
0x00007ffb85570000 - 0x00007ffb85695000 	C:\Windows\System32\RPCRT4.dll
0x00007ffb84440000 - 0x00007ffb845e0000 	C:\Windows\System32\USER32.dll
0x00007ffb83f60000 - 0x00007ffb83f82000 	C:\Windows\System32\win32u.dll
0x00007ffb84e50000 - 0x00007ffb84e7a000 	C:\Windows\System32\GDI32.dll
0x00007ffb83bb0000 - 0x00007ffb83cbb000 	C:\Windows\System32\gdi32full.dll
0x00007ffb83cc0000 - 0x00007ffb83d5d000 	C:\Windows\System32\msvcp_win.dll
0x00007ffb730e0000 - 0x00007ffb7337a000 	C:\Windows\WinSxS\amd64_microsoft.windows.common-controls_6595b64144ccf1df_6.0.19041.1110_none_60b5254171f9507e\COMCTL32.dll
0x00007ffb724c0000 - 0x00007ffb724ca000 	C:\Windows\SYSTEM32\VERSION.dll
0x00007ffb84770000 - 0x00007ffb847a0000 	C:\Windows\System32\IMM32.DLL
0x00007ffb7b7f0000 - 0x00007ffb7b7fc000 	C:\Program Files\Java\jdk-18.0.2.1\bin\vcruntime140_1.dll
0x00007ffb4b670000 - 0x00007ffb4b6fd000 	C:\Program Files\Java\jdk-18.0.2.1\bin\msvcp140.dll
0x00007ffb26590000 - 0x00007ffb271a1000 	C:\Program Files\Java\jdk-18.0.2.1\bin\server\jvm.dll
0x00007ffb85730000 - 0x00007ffb85738000 	C:\Windows\System32\PSAPI.DLL
0x00007ffb735e0000 - 0x00007ffb73607000 	C:\Windows\SYSTEM32\WINMM.dll
0x00007ffb7b800000 - 0x00007ffb7b809000 	C:\Windows\SYSTEM32\WSOCK32.dll
0x00007ffb84a50000 - 0x00007ffb84abb000 	C:\Windows\System32\WS2_32.dll
0x00007ffb81ec0000 - 0x00007ffb81ed2000 	C:\Windows\SYSTEM32\kernel.appcore.dll
0x00007ffb7a880000 - 0x00007ffb7a88a000 	C:\Program Files\Java\jdk-18.0.2.1\bin\jimage.dll
0x00007ffb6e7d0000 - 0x00007ffb6e9b4000 	C:\Windows\SYSTEM32\DBGHELP.DLL
0x00007ffb6e710000 - 0x00007ffb6e73c000 	C:\Windows\SYSTEM32\dbgcore.DLL
0x00007ffb837a0000 - 0x00007ffb83822000 	C:\Windows\System32\bcryptPrimitives.dll
0x00007ffb4b930000 - 0x00007ffb4b955000 	C:\Program Files\Java\jdk-18.0.2.1\bin\java.dll
0x00007ffb42d10000 - 0x00007ffb42de6000 	C:\Program Files\Java\jdk-18.0.2.1\bin\jsvml.dll
0x00007ffb857a0000 - 0x00007ffb85ee3000 	C:\Windows\System32\SHELL32.dll
0x00007ffb81720000 - 0x00007ffb81eb5000 	C:\Windows\SYSTEM32\windows.storage.dll
0x00007ffb840e0000 - 0x00007ffb84434000 	C:\Windows\System32\combase.dll
0x00007ffb82fe0000 - 0x00007ffb83010000 	C:\Windows\SYSTEM32\Wldp.dll
0x00007ffb845e0000 - 0x00007ffb8468d000 	C:\Windows\System32\SHCORE.dll
0x00007ffb85740000 - 0x00007ffb85795000 	C:\Windows\System32\shlwapi.dll
0x00007ffb83590000 - 0x00007ffb835af000 	C:\Windows\SYSTEM32\profapi.dll
0x00007ffb4c1b0000 - 0x00007ffb4c1c3000 	C:\Program Files\Java\jdk-18.0.2.1\bin\net.dll
0x00007ffb72a60000 - 0x00007ffb72b6a000 	C:\Windows\SYSTEM32\WINHTTP.dll
0x00007ffb82d40000 - 0x00007ffb82daa000 	C:\Windows\system32\mswsock.dll
0x00007ffb4bd50000 - 0x00007ffb4bd66000 	C:\Program Files\Java\jdk-18.0.2.1\bin\nio.dll
0x00007ffb4b910000 - 0x00007ffb4b928000 	C:\Program Files\Java\jdk-18.0.2.1\bin\zip.dll
0x00007ffb5e920000 - 0x00007ffb5e930000 	C:\Program Files\Java\jdk-18.0.2.1\bin\verify.dll

dbghelp: loaded successfully - version: 4.0.5 - missing functions: none
symbol engine: initialized successfully - sym options: 0x614 - pdb path: .;C:\Program Files\Java\jdk-18.0.2.1\bin;C:\Windows\SYSTEM32;C:\Windows\WinSxS\amd64_microsoft.windows.common-controls_6595b64144ccf1df_6.0.19041.1110_none_60b5254171f9507e;C:\Program Files\Java\jdk-18.0.2.1\bin\server

VM Arguments:
java_command: org.jetbrains.kotlin.cli.jvm.K2JVMCompiler @E:\MahnoorProjects\todoApplication\node_modules\react-native-gesture-handler\android\build\20220925_595167034072767444.compiler.options
java_class_path (initial): C:\Users\mahno\.gradle\caches\modules-2\files-2.1\org.jetbrains.kotlin\kotlin-compiler-embeddable\1.5.20\1900e8b9aca0a9caffd45b99b36e3720a0a284f8\kotlin-compiler-embeddable-1.5.20.jar;C:\Users\mahno\.gradle\caches\modules-2\files-2.1\org.jetbrains.kotlin\kotlin-reflect\1.5.20\63810951f09a27f7827977f1bc21094042a915e\kotlin-reflect-1.5.20.jar;C:\Users\mahno\.gradle\caches\modules-2\files-2.1\org.jetbrains.kotlin\kotlin-stdlib\1.5.20\9de35cc611bcecec8edce1d56d8e659953806751\kotlin-stdlib-1.5.20.jar;C:\Users\mahno\.gradle\caches\modules-2\files-2.1\org.jetbrains.kotlin\kotlin-script-runtime\1.5.20\4381bb58d37b84d4d1afe55ec35542dd9b77e101\kotlin-script-runtime-1.5.20.jar;C:\Users\mahno\.gradle\caches\modules-2\files-2.1\org.jetbrains.kotlin\kotlin-daemon-embeddable\1.5.20\36c38cda019834dcd2959cc33a12768adcd94256\kotlin-daemon-embeddable-1.5.20.jar;C:\Users\mahno\.gradle\caches\modules-2\files-2.1\org.jetbrains.intellij.deps\trove4j\1.0.20181211\216c2e14b070f334479d800987affe4054cd563f\trove4j-1.0.20181211.jar;C:\Users\mahno\.gradle\caches\modules-2\files-2.1\org.jetbrains\annotations\13.0\919f0dfe192fb4e063e7dacadee7f8bb9a2672a9\annotations-13.0.jar;C:\Users\mahno\.gradle\caches\modules-2\files-2.1\org.jetbrains.kotlin\kotlin-stdlib-common\1.5.20\3d79dbd48bf605f4aac1e7028981a1953e245cbb\kotlin-stdlib-common-1.5.20.jar
Launcher Type: SUN_STANDARD

[Global flags]
     intx CICompilerCount                          = 3                                         {product} {ergonomic}
     uint ConcGCThreads                            = 1                                         {product} {ergonomic}
     uint G1ConcRefinementThreads                  = 4                                         {product} {ergonomic}
   size_t G1HeapRegionSize                         = 1048576                                   {product} {ergonomic}
    uintx GCDrainStackTargetSize                   = 64                                        {product} {ergonomic}
   size_t InitialHeapSize                          = 134217728                                 {product} {ergonomic}
   size_t MarkStackSize                            = 4194304                                   {product} {ergonomic}
   size_t MaxHeapSize                              = 2116026368                                {product} {ergonomic}
   size_t MaxNewSize                               = 1268776960                                {product} {ergonomic}
   size_t MinHeapDeltaBytes                        = 1048576                                   {product} {ergonomic}
   size_t MinHeapSize                              = 8388608                                   {product} {ergonomic}
    uintx NonNMethodCodeHeapSize                   = 5832780                                {pd product} {ergonomic}
    uintx NonProfiledCodeHeapSize                  = 122912730                              {pd product} {ergonomic}
    uintx ProfiledCodeHeapSize                     = 122912730                              {pd product} {ergonomic}
    uintx ReservedCodeCacheSize                    = 251658240                              {pd product} {ergonomic}
     bool SegmentedCodeCache                       = true                                      {product} {ergonomic}
   size_t SoftMaxHeapSize                          = 2116026368                             {manageable} {ergonomic}
     bool UseCompressedClassPointers               = true                           {product lp64_product} {ergonomic}
     bool UseCompressedOops                        = true                           {product lp64_product} {ergonomic}
     bool UseG1GC                                  = true                                      {product} {ergonomic}
     bool UseLargePagesIndividualAllocation        = false                                  {pd product} {ergonomic}

Logging:
Log output configuration:
 #0: stdout all=warning uptime,level,tags foldmultilines=false
 #1: stderr all=off uptime,level,tags foldmultilines=false

Environment Variables:
JAVA_HOME=C:\Program Files\Java\jdk-18.0.2.1
CLASSPATH=E:\MahnoorProjects\todoApplication\android\\gradle\wrapper\gradle-wrapper.jar
PATH=E:\MahnoorProjects\todoApplication\android\node_modules\.bin;E:\MahnoorProjects\todoApplication\node_modules\.bin;E:\MahnoorProjects\node_modules\.bin;E:\node_modules\.bin;C:\Program Files\nodejs;E:\MahnoorProjects\todoApplication\node_modules\.bin;E:\MahnoorProjects\node_modules\.bin;E:\node_modules\.bin;C:\Program Files\nodejs\node_modules\npm\node_modules\@npmcli\run-script\lib\node-gyp-bin;C:\Program Files\Common Files\Oracle\Java\javapath;C:\Windows\system32;C:\Windows;C:\Windows\System32\Wbem;C:\Windows\System32\WindowsPowerShell\v1.0\;C:\Windows\System32\OpenSSH\;C:\ProgramData\Microsoft\Windows\Start Menu\Programs\Node.js;C:\Program Files\nodejs;C:\Users\mahno\AppData\Local\Android\Sdk\platform-tools;C:\Users\mahno\AppData\Roaming\npm;C:\Program Files\Git\cmd;C:\Program Files\Git\bin;C:\Program Files\Git\cmd;C:\Users\mahno\AppData\Local\Microsoft\WindowsApps;C:\Users\mahno\AppData\Local\Programs\Microsoft VS Code\bin;C:\ProgramData\Microsoft\Windows\Start Menu\Programs\Node.js;C:\Program Files\nodejs;C:\Users\mahno\AppData\Roaming\npm;C:\Users\mahno\AppData\Local\GitHubDesktop\bin;E:\MahnoorProjects\todoApplication\node_modules\.bin
USERNAME=mahno
LANG=en_US.UTF-8
OS=Windows_NT
PROCESSOR_IDENTIFIER=Intel64 Family 6 Model 61 Stepping 4, GenuineIntel



---------------  S Y S T E M  ---------------

OS:
 Windows 10 , 64 bit Build 19041 (10.0.19041.1889)
OS uptime: 1 days 0:52 hours

CPU: total 4 (initial active 4) (2 cores per cpu, 2 threads per core) family 6 model 61 stepping 4 microcode 0x2d, cx8, cmov, fxsr, ht, mmx, 3dnowpref, sse, sse2, sse3, ssse3, sse4.1, sse4.2, popcnt, lzcnt, tsc, tscinvbit, avx, avx2, aes, erms, clmul, bmi1, bmi2, rtm, adx, fma, vzeroupper, clflush

Memory: 4k page, system-wide physical 8067M (123M free)
TotalPageFile size 17984M (AvailPageFile size 6M)
current process WorkingSet (physical memory assigned to process): 322M, peak: 325M
current process commit charge ("private bytes"): 361M, peak: 363M

vm_info: Java HotSpot(TM) 64-Bit Server VM (18.0.2.1+1-1) for windows-amd64 JRE (18.0.2.1+1-1), built on Aug 16 2022 01:46:33 by "mach5one" with MS VC++ 16.8 / 16.9 (VS2019)

END.
